<?xml version="1.0" encoding="utf-8"?><testsuites name="pytest tests"><testsuite name="pytest" errors="0" failures="0" skipped="0" tests="10" time="0.759" timestamp="2026-06-05T11:17:25.021619+00:00" hostname="agent-env-aec7a94b-1235-45a2-a25b-6674a1c92704"><testcase classname="backend.tests.test_leaderboard" name="test_get_leaderboard_returns_10_seeded_entries_sorted" time="0.162" /><testcase classname="backend.tests.test_leaderboard" name="test_get_leaderboard_default_limit_works" time="0.051" /><testcase classname="backend.tests.test_leaderboard" name="test_post_leaderboard_returns_top_with_submission" time="0.047" /><testcase classname="backend.tests.test_leaderboard" name="test_post_then_get_persists" time="0.101" /><testcase classname="backend.tests.test_leaderboard" name="test_post_with_high_score_appears_at_top" time="0.048" /><testcase classname="backend.tests.test_leaderboard" name="test_post_empty_name_defaults" time="0.047" /><testcase classname="backend.tests.test_leaderboard" name="test_post_score_clamped" time="0.046" /><testcase classname="backend.tests.test_leaderboard" name="test_biome_bg_all_cached" time="0.046" /><testcase classname="backend.tests.test_leaderboard" name="test_biome_bg_static_image_served" time="0.126" /><testcase classname="backend.tests.test_leaderboard" name="test_zzz_cleanup" time="0.000" /></testsuite></testsuites>