<?xml version="1.0" encoding="utf-8"?><testsuites name="pytest tests"><testsuite name="pytest" errors="0" failures="0" skipped="0" tests="19" time="14.320" timestamp="2026-06-05T02:25:34.551530+00:00" hostname="agent-env-aec7a94b-1235-45a2-a25b-6674a1c92704"><testcase classname="backend.tests.test_loxelife_api" name="test_root" time="0.258" /><testcase classname="backend.tests.test_loxelife_api" name="test_animals_list" time="0.180" /><testcase classname="backend.tests.test_loxelife_api" name="test_animals_by_region[savanna]" time="0.166" /><testcase classname="backend.tests.test_loxelife_api" name="test_animals_by_region[dunes]" time="0.106" /><testcase classname="backend.tests.test_loxelife_api" name="test_animals_by_region[canopy]" time="0.158" /><testcase classname="backend.tests.test_loxelife_api" name="test_animals_by_region[peaks]" time="0.144" /><testcase classname="backend.tests.test_loxelife_api" name="test_animals_by_region[woods]" time="0.131" /><testcase classname="backend.tests.test_loxelife_api" name="test_animals_by_region[outback]" time="0.157" /><testcase classname="backend.tests.test_loxelife_api" name="test_animals_by_region[wastes]" time="0.174" /><testcase classname="backend.tests.test_loxelife_api" name="test_animals_by_region[ocean]" time="0.143" /><testcase classname="backend.tests.test_loxelife_api" name="test_animal_detail[lion]" time="0.102" /><testcase classname="backend.tests.test_loxelife_api" name="test_animal_detail[saola]" time="0.151" /><testcase classname="backend.tests.test_loxelife_api" name="test_animal_detail[snow-leopard]" time="0.114" /><testcase classname="backend.tests.test_loxelife_api" name="test_animal_404" time="0.103" /><testcase classname="backend.tests.test_loxelife_api" name="test_regions" time="0.135" /><testcase classname="backend.tests.test_loxelife_api" name="test_scholar_round" time="0.110" /><testcase classname="backend.tests.test_loxelife_api" name="test_poker_create" time="0.138" /><testcase classname="backend.tests.test_loxelife_api" name="test_saola_chat_streaming" time="5.143" /><testcase classname="backend.tests.test_loxelife_api" name="test_websocket_poker_flow" time="6.500" /></testsuite></testsuites>