<?xml version="1.0" encoding="utf-8"?><testsuites name="pytest tests"><testsuite name="pytest" errors="0" failures="0" skipped="0" tests="4" time="8.756" timestamp="2026-06-05T10:54:51.830760+00:00" hostname="agent-env-aec7a94b-1235-45a2-a25b-6674a1c92704"><testcase classname="backend.tests.test_saola_chat" name="test_saola_chat_returns_real_claude_response" time="4.438" /><testcase classname="backend.tests.test_saola_chat" name="test_saola_chat_streamed_response_session_2" time="3.779" /><testcase classname="backend.tests.test_saola_chat" name="test_root" time="0.126" /><testcase classname="backend.tests.test_saola_chat" name="test_poker_create_room" time="0.137" /></testsuite></testsuites>